<?xml version="1.0" encoding="UTF-8"?>
<testsuite name="Dimensions mobile automation" tests="1" skipped="0" failures="0" errors="0" timestamp="2021-03-15T03:00:17" hostname="CHMEPPF1WZ57L" time="33.025">
  <properties/>
  <testcase name="verify conversion of dimensions length, area and volume" classname="Dimensions mobile automation" time="33.025"/>
  <system-out><![CDATA[]]></system-out>
  <system-err><![CDATA[mar 14, 2021 10:00:34 PM io.appium.java_client.remote.AppiumCommandExecutor$1 lambda$0
INFORMACIÓN: Detected dialect: W3C
[Test worker] INFO net.thucydides.core.steps.ConsoleLoggingListener - 
        __    _____ _____ ____ _____   ____   _    ____  ____  _____ ____  
  _     \ \  |_   _| ____/ ___|_   _| |  _ \ / \  / ___|/ ___|| ____|  _ \ 
 (_)_____| |   | | |  _| \___ \ | |   | |_) / _ \ \___ \\___ \|  _| | | | |
  _|_____| |   | | | |___ ___) || |   |  __/ ___ \ ___) |___) | |___| |_| |
 (_)     | |   |_| |_____|____/ |_|   |_| /_/   \_\____/|____/|_____|____/ 
        /_/                                                                

TEST PASSED: verify conversion of dimensions length, area and volume
----------------------------------------------------------------------------
]]></system-err>
</testsuite>
